app/build/intermediates/manifest_merge_blame_file/debug/manifest-merger-blame-debug-report.txt
1<?xml version="1.0" encoding="utf-8"?>
2<manifest xmlns:android="http://schemas.android.com/apk/res/android"
3    package="com.pk.tiler_buddy"
4    android:versionCode="1"
5    android:versionName="1.0" >
6
7    <uses-sdk
8        android:minSdkVersion="21"
8-->src\main\AndroidManifest.xml
9        android:targetSdkVersion="32" />
9-->src\main\AndroidManifest.xml
10
11    <uses-feature
11-->src\main\AndroidManifest.xml:7:5-8:46
12        android:name="android.hardware.camera"
12-->src\main\AndroidManifest.xml:7:21-59
13        android:required="true" />
13-->src\main\AndroidManifest.xml:8:21-44
14
15    <uses-permission android:name="android.permission.CAMERA" />
15-->src\main\AndroidManifest.xml:9:5-65
15-->src\main\AndroidManifest.xml:9:22-62
16    <uses-permission android:name="android.permission.READ_EXTERNAL_STORAGE" />
16-->src\main\AndroidManifest.xml:10:5-80
16-->src\main\AndroidManifest.xml:10:22-77
17    <uses-permission android:name="android.permission.WRITE_EXTERNAL_STORAGE" />
17-->src\main\AndroidManifest.xml:11:5-81
17-->src\main\AndroidManifest.xml:11:22-78
18
19    <queries>
19-->[androidx.camera:camera-extensions:1.2.0-alpha03] AndroidManifest.xml:23:5-27:15
20        <intent>
20-->[androidx.camera:camera-extensions:1.2.0-alpha03] AndroidManifest.xml:24:9-26:18
21            <action android:name="androidx.camera.extensions.action.VENDOR_ACTION" />
21-->[androidx.camera:camera-extensions:1.2.0-alpha03] AndroidManifest.xml:25:13-86
21-->[androidx.camera:camera-extensions:1.2.0-alpha03] AndroidManifest.xml:25:21-83
22        </intent>
23    </queries>
24
25    <application
25-->src\main\AndroidManifest.xml:13:5-44:19
26        android:allowBackup="true"
26-->src\main\AndroidManifest.xml:14:9-35
27        android:appComponentFactory="androidx.core.app.CoreComponentFactory"
27-->[androidx.core:core:1.7.0] AndroidManifest.xml:24:18-86
28        android:dataExtractionRules="@xml/data_extraction_rules"
28-->src\main\AndroidManifest.xml:15:9-65
29        android:debuggable="true"
30        android:fullBackupContent="@xml/backup_rules"
30-->src\main\AndroidManifest.xml:16:9-54
31        android:icon="@mipmap/ic_launcher"
31-->src\main\AndroidManifest.xml:17:9-43
32        android:label="@string/app_name"
32-->src\main\AndroidManifest.xml:18:9-41
33        android:roundIcon="@mipmap/ic_launcher_round"
33-->src\main\AndroidManifest.xml:19:9-54
34        android:supportsRtl="true"
34-->src\main\AndroidManifest.xml:20:9-35
35        android:testOnly="true"
36        android:theme="@style/Theme.tiler_buddy" >
36-->src\main\AndroidManifest.xml:21:9-49
37        <activity
37-->src\main\AndroidManifest.xml:24:9-26:40
38            android:name="com.pk.tiler_buddy.activity.CalculatedActivity"
38-->src\main\AndroidManifest.xml:25:13-74
39            android:exported="false" />
39-->src\main\AndroidManifest.xml:26:13-37
40        <activity
40-->src\main\AndroidManifest.xml:27:9-30:40
41            android:name="com.pk.tiler_buddy.activity.ToBeTiledActivity"
41-->src\main\AndroidManifest.xml:28:13-73
42            android:exported="false"
42-->src\main\AndroidManifest.xml:30:13-37
43            android:screenOrientation="landscape" />
43-->src\main\AndroidManifest.xml:29:13-50
44        <activity
44-->src\main\AndroidManifest.xml:31:9-34:40
45            android:name="com.pk.tiler_buddy.activity.DrawingActivity"
45-->src\main\AndroidManifest.xml:32:13-71
46            android:exported="false"
46-->src\main\AndroidManifest.xml:34:13-37
47            android:screenOrientation="landscape" />
47-->src\main\AndroidManifest.xml:33:13-50
48        <activity
48-->src\main\AndroidManifest.xml:35:9-43:20
49            android:name="com.pk.tiler_buddy.activity.InputActivity"
49-->src\main\AndroidManifest.xml:36:13-69
50            android:exported="true" >
50-->src\main\AndroidManifest.xml:37:13-36
51            <intent-filter>
51-->src\main\AndroidManifest.xml:38:13-42:29
52                <action android:name="android.intent.action.MAIN" />
52-->src\main\AndroidManifest.xml:39:17-69
52-->src\main\AndroidManifest.xml:39:25-66
53
54                <category android:name="android.intent.category.LAUNCHER" />
54-->src\main\AndroidManifest.xml:41:17-77
54-->src\main\AndroidManifest.xml:41:27-74
55            </intent-filter>
56        </activity>
57
58        <uses-library
58-->[androidx.camera:camera-extensions:1.2.0-alpha03] AndroidManifest.xml:30:9-32:40
59            android:name="androidx.camera.extensions.impl"
59-->[androidx.camera:camera-extensions:1.2.0-alpha03] AndroidManifest.xml:31:13-59
60            android:required="false" />
60-->[androidx.camera:camera-extensions:1.2.0-alpha03] AndroidManifest.xml:32:13-37
61
62        <service
62-->[androidx.camera:camera-camera2:1.2.0-alpha03] AndroidManifest.xml:25:9-34:19
63            android:name="androidx.camera.core.impl.MetadataHolderService"
63-->[androidx.camera:camera-camera2:1.2.0-alpha03] AndroidManifest.xml:26:13-75
64            android:enabled="false"
64-->[androidx.camera:camera-camera2:1.2.0-alpha03] AndroidManifest.xml:27:13-36
65            android:exported="false" >
65-->[androidx.camera:camera-camera2:1.2.0-alpha03] AndroidManifest.xml:28:13-37
66            <meta-data
66-->[androidx.camera:camera-camera2:1.2.0-alpha03] AndroidManifest.xml:31:13-33:89
67                android:name="androidx.camera.core.impl.MetadataHolderService.DEFAULT_CONFIG_PROVIDER"
67-->[androidx.camera:camera-camera2:1.2.0-alpha03] AndroidManifest.xml:32:17-103
68                android:value="androidx.camera.camera2.Camera2Config$DefaultProvider" />
68-->[androidx.camera:camera-camera2:1.2.0-alpha03] AndroidManifest.xml:33:17-86
69        </service>
70
71        <provider
71-->[androidx.emoji2:emoji2:1.0.0] AndroidManifest.xml:26:9-34:20
72            android:name="androidx.startup.InitializationProvider"
72-->[androidx.emoji2:emoji2:1.0.0] AndroidManifest.xml:27:13-67
73            android:authorities="com.pk.tiler_buddy.androidx-startup"
73-->[androidx.emoji2:emoji2:1.0.0] AndroidManifest.xml:28:13-68
74            android:exported="false" >
74-->[androidx.emoji2:emoji2:1.0.0] AndroidManifest.xml:29:13-37
75            <meta-data
75-->[androidx.emoji2:emoji2:1.0.0] AndroidManifest.xml:31:13-33:52
76                android:name="androidx.emoji2.text.EmojiCompatInitializer"
76-->[androidx.emoji2:emoji2:1.0.0] AndroidManifest.xml:32:17-75
77                android:value="androidx.startup" />
77-->[androidx.emoji2:emoji2:1.0.0] AndroidManifest.xml:33:17-49
78            <meta-data
78-->[androidx.lifecycle:lifecycle-process:2.4.0] AndroidManifest.xml:31:13-33:52
79                android:name="androidx.lifecycle.ProcessLifecycleInitializer"
79-->[androidx.lifecycle:lifecycle-process:2.4.0] AndroidManifest.xml:32:17-78
80                android:value="androidx.startup" />
80-->[androidx.lifecycle:lifecycle-process:2.4.0] AndroidManifest.xml:33:17-49
81        </provider>
82    </application>
83
84</manifest>